2026-04-21 19:43:48,372 [INFO] OmniStream: main: application starting
2026-04-21 19:43:48,387 [DEBUG] OmniStream: main: stylesheet loaded from /home/phaylali/Documents/Apps/OmniStreamStudioPy/style.qss
2026-04-21 19:43:48,388 [INFO] OmniStream: ============================================================
2026-04-21 19:43:48,388 [INFO] OmniStream: MainWindow.__init__: starting OmniStream Studio
2026-04-21 19:43:48,388 [INFO] OmniStream: ============================================================
2026-04-21 19:43:48,388 [DEBUG] OmniStream: ConfigManager._load: path=/home/phaylali/Documents/Apps/OmniStreamStudioPy/data.json
2026-04-21 19:43:48,388 [INFO] OmniStream: ConfigManager._load: loaded 10 keys from existing file
2026-04-21 19:43:48,389 [DEBUG] OmniStream: MainWindow.setup_ui
2026-04-21 19:43:48,389 [INFO] OmniStream: DrawingCanvas.__init__: native resolution 1920x1080
2026-04-21 19:43:48,474 [DEBUG] OmniStream: MainWindow.setup_ui: UI built
2026-04-21 19:43:48,474 [DEBUG] OmniStream: MainWindow.load_config
2026-04-21 19:43:48,474 [DEBUG] OmniStream: ConfigManager.get: key='resolution' -> '1920x1080 (1080p)'
2026-04-21 19:43:48,474 [INFO] OmniStream: MainWindow.change_resolution: 1920x1080 (1080p)
2026-04-21 19:43:48,480 [INFO] OmniStream: MainWindow.change_resolution: canvas now 1920x1080
2026-04-21 19:43:48,480 [DEBUG] OmniStream: ConfigManager.get: key='bg_color' -> [30, 30, 30]
2026-04-21 19:43:48,481 [DEBUG] OmniStream: ConfigManager.get: key='brush_color' -> [255, 255, 255]
2026-04-21 19:43:48,481 [DEBUG] OmniStream: ConfigManager.get: key='brush_size' -> 5
2026-04-21 19:43:48,481 [DEBUG] OmniStream: ConfigManager.get: key='encoder' -> 'VAAPI (AMD GPU)'
2026-04-21 19:43:48,481 [DEBUG] OmniStream: ConfigManager.get: key='platform' -> 'Twitch'
2026-04-21 19:43:48,481 [DEBUG] OmniStream: ConfigManager.get: key='rtmp_url' -> 'rtmp://ingest.global-contribute.live-video.net/app/'
2026-04-21 19:43:48,481 [DEBUG] OmniStream: ConfigManager.get: key='stream_key' -> ***
2026-04-21 19:43:48,481 [DEBUG] OmniStream: ConfigManager.get: key='bitrate' -> 4000
2026-04-21 19:43:48,482 [DEBUG] OmniStream: ConfigManager.get: key='fps' -> '30'
2026-04-21 19:43:48,482 [DEBUG] OmniStream: ConfigManager.get: key='bitrate' -> 4000
2026-04-21 19:43:48,482 [INFO] OmniStream: MainWindow.load_config: loaded resolution=1920x1080 (1080p) encoder=VAAPI (AMD GPU) platform=Twitch bitrate=4000 fps=30
2026-04-21 19:43:48,482 [DEBUG] OmniStream: MainWindow.connect_signals
2026-04-21 19:43:48,535 [INFO] OmniStream: main: main window shown, entering event loop
2026-04-21 19:43:54,070 [DEBUG] OmniStream: SettingsPanel.toggle_stream: current=Start Stream
2026-04-21 19:43:54,070 [INFO] OmniStream: SettingsPanel.toggle_stream: emitting start with encoder=vaapi bitrate=4000 fps=30
2026-04-21 19:43:54,070 [INFO] OmniStream: MainWindow.start_stream: url=rtmp://ingest.global-contribute.live-video.net/app//*** bitrate=4000 fps=30 encoder=vaapi
2026-04-21 19:43:54,070 [INFO] OmniStream: StreamThread.__init__: 1920x1080 encoder=vaapi bitrate=4000k fps=30 url=rtmp://ingest.global-contribute.live-video.net/app/
2026-04-21 19:43:54,071 [DEBUG] OmniStream: SettingsPanel.set_streaming: streaming=True
2026-04-21 19:43:54,071 [INFO] OmniStream: MainWindow.start_stream: stream thread started, timers active
2026-04-21 19:43:54,071 [INFO] OmniStream: StreamThread.run: starting
2026-04-21 19:43:54,074 [DEBUG] OmniStream: StreamThread.run: full stream URL = rtmp://ingest.global-contribute.live-video.net/app//***
2026-04-21 19:43:54,096 [INFO] OmniStream: StreamThread.run: using native C extension (libavformat + VAAPI)
2026-04-21 19:43:54,956 [INFO] OmniStream: MainWindow.on_stream_status: Starting stream...
2026-04-21 19:43:54,956 [ERROR] OmniStream: StreamThread.run: C extension init failed: Failed to open RTMP output rtmp://ingest.global-contribute.live-video.net/app//Traceback (most recent call last):
  File "/home/phaylali/Documents/Apps/OmniStreamStudioPy/main.py", line 941, in update_stream_frame
    frame_bytes = self.canvas.get_frame_bytes()
                  ^^^^^^^^^^^^^^^^^^^^^^^^^^^^^
  File "/home/phaylali/Documents/Apps/OmniStreamStudioPy/main.py", line 292, in get_frame_bytes
    return bytes(temp_image.constBits())
           ^^^^^^^^^^^^^^^^^^^^^^^^^^^^^
IndexError: sip.voidptr object has an unknown size: Input/output error
Traceback (most recent call last):
  File "/home/phaylali/Documents/Apps/OmniStreamStudioPy/main.py", line 164, in run
    streamer = omnistream.Streamer(
               ^^^^^^^^^^^^^^^^^^^^
RuntimeError: Failed to open RTMP output rtmp://ingest.global-contribute.live-video.net/app//Traceback (most recent call last):
  File "/home/phaylali/Documents/Apps/OmniStreamStudioPy/main.py", line 941, in update_stream_frame
    frame_bytes = self.canvas.get_frame_bytes()
                  ^^^^^^^^^^^^^^^^^^^^^^^^^^^^^
  File "/home/phaylali/Documents/Apps/OmniStreamStudioPy/main.py", line 292, in get_frame_bytes
    return bytes(temp_image.constBits())
           ^^^^^^^^^^^^^^^^^^^^^^^^^^^^^
IndexError: sip.voidptr object has an unknown size: Input/output error
