2026-04-21 20:46:57,403 [INFO] OmniStream: main: application starting
2026-04-21 20:46:57,416 [DEBUG] OmniStream: main: stylesheet loaded from /home/phaylali/Documents/Apps/OmniStreamStudioPy/style.qss
2026-04-21 20:46:57,417 [INFO] OmniStream: ============================================================
2026-04-21 20:46:57,417 [INFO] OmniStream: MainWindow.__init__: starting OmniStream Studio
2026-04-21 20:46:57,417 [INFO] OmniStream: ============================================================
2026-04-21 20:46:57,417 [DEBUG] OmniStream: ConfigManager._load: path=/home/phaylali/Documents/Apps/OmniStreamStudioPy/data.json
2026-04-21 20:46:57,417 [INFO] OmniStream: ConfigManager._load: loaded 10 keys from existing file
2026-04-21 20:46:57,417 [DEBUG] OmniStream: MainWindow.setup_ui
2026-04-21 20:46:57,417 [INFO] OmniStream: DrawingCanvas.__init__: native resolution 1920x1080
2026-04-21 20:46:57,496 [DEBUG] OmniStream: MainWindow.setup_ui: UI built
2026-04-21 20:46:57,496 [DEBUG] OmniStream: MainWindow.load_config
2026-04-21 20:46:57,496 [DEBUG] OmniStream: ConfigManager.get: key='resolution' -> '1920x1080 (1080p)'
2026-04-21 20:46:57,497 [INFO] OmniStream: MainWindow.change_resolution: 1920x1080 (1080p)
2026-04-21 20:46:57,503 [INFO] OmniStream: MainWindow.change_resolution: canvas now 1920x1080
2026-04-21 20:46:57,504 [DEBUG] OmniStream: ConfigManager.get: key='bg_color' -> [30, 30, 30]
2026-04-21 20:46:57,504 [DEBUG] OmniStream: ConfigManager.get: key='brush_color' -> [255, 255, 255]
2026-04-21 20:46:57,505 [DEBUG] OmniStream: ConfigManager.get: key='brush_size' -> 5
2026-04-21 20:46:57,505 [DEBUG] OmniStream: ConfigManager.get: key='encoder' -> 'VAAPI (AMD GPU)'
2026-04-21 20:46:57,505 [DEBUG] OmniStream: ConfigManager.get: key='platform' -> 'Twitch'
2026-04-21 20:46:57,505 [DEBUG] OmniStream: ConfigManager.get: key='rtmp_url' -> 'rtmp://ingest.global-contribute.live-video.net/app'
2026-04-21 20:46:57,505 [DEBUG] OmniStream: ConfigManager.get: key='stream_key' -> ***
2026-04-21 20:46:57,505 [DEBUG] OmniStream: ConfigManager.get: key='bitrate' -> 4000
2026-04-21 20:46:57,505 [DEBUG] OmniStream: ConfigManager.get: key='fps' -> '30'
2026-04-21 20:46:57,505 [DEBUG] OmniStream: ConfigManager.get: key='bg_image_path' -> ''
2026-04-21 20:46:57,505 [DEBUG] OmniStream: ConfigManager.get: key='bitrate' -> 4000
2026-04-21 20:46:57,505 [INFO] OmniStream: MainWindow.load_config: loaded resolution=1920x1080 (1080p) encoder=VAAPI (AMD GPU) platform=Twitch bitrate=4000 fps=30
2026-04-21 20:46:57,505 [DEBUG] OmniStream: MainWindow.connect_signals
2026-04-21 20:46:57,553 [INFO] OmniStream: main: main window shown, entering event loop
