2026-04-21 20:47:17,591 [INFO] OmniStream: main: application starting
2026-04-21 20:47:17,605 [DEBUG] OmniStream: main: stylesheet loaded from /home/phaylali/Documents/Apps/OmniStreamStudioPy/style.qss
2026-04-21 20:47:17,606 [INFO] OmniStream: ============================================================
2026-04-21 20:47:17,606 [INFO] OmniStream: MainWindow.__init__: starting OmniStream Studio
2026-04-21 20:47:17,606 [INFO] OmniStream: ============================================================
2026-04-21 20:47:17,606 [DEBUG] OmniStream: ConfigManager._load: path=/home/phaylali/Documents/Apps/OmniStreamStudioPy/data.json
2026-04-21 20:47:17,606 [INFO] OmniStream: ConfigManager._load: loaded 10 keys from existing file
2026-04-21 20:47:17,606 [DEBUG] OmniStream: MainWindow.setup_ui
2026-04-21 20:47:17,606 [INFO] OmniStream: DrawingCanvas.__init__: native resolution 1920x1080
2026-04-21 20:47:17,680 [DEBUG] OmniStream: MainWindow.setup_ui: UI built
2026-04-21 20:47:17,680 [DEBUG] OmniStream: MainWindow.load_config
2026-04-21 20:47:17,680 [DEBUG] OmniStream: ConfigManager.get: key='resolution' -> '1920x1080 (1080p)'
2026-04-21 20:47:17,680 [INFO] OmniStream: MainWindow.change_resolution: 1920x1080 (1080p)
2026-04-21 20:47:17,684 [INFO] OmniStream: MainWindow.change_resolution: canvas now 1920x1080
2026-04-21 20:47:17,685 [DEBUG] OmniStream: ConfigManager.get: key='bg_color' -> [30, 30, 30]
2026-04-21 20:47:17,685 [DEBUG] OmniStream: ConfigManager.get: key='brush_color' -> [255, 255, 255]
2026-04-21 20:47:17,685 [DEBUG] OmniStream: ConfigManager.get: key='brush_size' -> 5
2026-04-21 20:47:17,685 [DEBUG] OmniStream: ConfigManager.get: key='encoder' -> 'VAAPI (AMD GPU)'
2026-04-21 20:47:17,685 [DEBUG] OmniStream: ConfigManager.get: key='platform' -> 'Twitch'
2026-04-21 20:47:17,685 [DEBUG] OmniStream: ConfigManager.get: key='rtmp_url' -> 'rtmp://ingest.global-contribute.live-video.net/app'
2026-04-21 20:47:17,685 [DEBUG] OmniStream: ConfigManager.get: key='stream_key' -> ***
2026-04-21 20:47:17,686 [DEBUG] OmniStream: ConfigManager.get: key='bitrate' -> 4000
2026-04-21 20:47:17,686 [DEBUG] OmniStream: ConfigManager.get: key='fps' -> '30'
2026-04-21 20:47:17,686 [DEBUG] OmniStream: ConfigManager.get: key='bg_image_path' -> ''
2026-04-21 20:47:17,686 [DEBUG] OmniStream: ConfigManager.get: key='bitrate' -> 4000
2026-04-21 20:47:17,686 [INFO] OmniStream: MainWindow.load_config: loaded resolution=1920x1080 (1080p) encoder=VAAPI (AMD GPU) platform=Twitch bitrate=4000 fps=30
2026-04-21 20:47:17,686 [DEBUG] OmniStream: MainWindow.connect_signals
2026-04-21 20:47:17,737 [INFO] OmniStream: main: main window shown, entering event loop
2026-04-21 20:47:23,225 [DEBUG] OmniStream: MainWindow.set_background_image: opening file dialog
2026-04-21 20:48:59,414 [INFO] OmniStream: MainWindow.set_background_image: selected /home/phaylali/Documents/Apps/OmniStreamStudioPy/assets/placeholder_1080p.jpg
2026-04-21 20:48:59,415 [INFO] OmniStream: DrawingCanvas.set_background_image: /home/phaylali/Documents/Apps/OmniStreamStudioPy/assets/placeholder_1080p.jpg
2026-04-21 20:48:59,475 [DEBUG] OmniStream: ConfigManager.set: key='bg_image_path' changed
2026-04-21 20:48:59,476 [DEBUG] OmniStream: ConfigManager._schedule_save: 5s debounce timer started
2026-04-21 20:49:03,921 [DEBUG] OmniStream: SettingsPanel.toggle_stream: current=Start Stream
2026-04-21 20:49:03,921 [INFO] OmniStream: SettingsPanel.toggle_stream: emitting start with encoder=vaapi bitrate=4000 fps=30
2026-04-21 20:49:03,922 [INFO] OmniStream: MainWindow.start_stream: url=rtmp://ingest.global-contribute.live-video.net/app/*** bitrate=4000 fps=30 encoder=vaapi
2026-04-21 20:49:03,922 [INFO] OmniStream: StreamThread.__init__: 1920x1080 encoder=vaapi bitrate=4000k fps=30 url=rtmp://ingest.global-contribute.live-video.net/app
2026-04-21 20:49:03,922 [DEBUG] OmniStream: SettingsPanel.set_streaming: streaming=True
2026-04-21 20:49:03,922 [INFO] OmniStream: StreamThread.run: starting
2026-04-21 20:49:03,923 [INFO] OmniStream: MainWindow.start_stream: stream thread started, timers active
2026-04-21 20:49:03,926 [DEBUG] OmniStream: StreamThread.run: full stream URL = rtmp://ingest.global-contribute.live-video.net/app/***
2026-04-21 20:49:03,947 [INFO] OmniStream: StreamThread.run: using native C extension (libavformat + VAAPI)
2026-04-21 20:49:05,174 [DEBUG] OmniStream: ConfigManager._save_now: writing 11 keys to /home/phaylali/Documents/Apps/OmniStreamStudioPy/data.json
2026-04-21 20:49:05,174 [INFO] OmniStream: MainWindow.on_stream_status: Starting stream...
2026-04-21 20:49:05,174 [INFO] OmniStream: StreamThread.run: C streamer initialized
2026-04-21 20:49:05,177 [INFO] OmniStream: ConfigManager._save_now: config saved
